Using pre-set license
Built from '2020.3/staging' branch; Version is '2020.3.11f1 (99c7afb366b3) revision 10078127'; Using compiler version '192528614'; Build Type 'Release'
OS: 'Windows 10 Pro; OS build 18363.1440; Version 1909; 64bit' Language: 'zh' Physical Memory: 32681 MB
BatchMode: 1, IsHumanControllingUs: 0, StartBugReporterOnCrash: 0, Is64bit: 1, IsPro: 0

 COMMAND LINE ARGUMENTS:
C:\Program Files\Unity\Hub\Editor\2020.3.11f1\Editor\Unity.exe
-adb2
-batchMode
-noUpm
-name
AssetImportWorker0
-projectPath
C:/popcat/Popcat/Popcat
-logFile
Logs/AssetImportWorker0.log
-srvPort
59251
Successfully changed project path to: C:/popcat/Popcat/Popcat
C:/popcat/Popcat/Popcat
Using Asset Import Pipeline V2.
Refreshing native plugins compatible for Editor in 36.71 ms, found 3 plugins.
Preloading 0 native plugins for Editor in 0.00 ms.
Initialize engine version: 2020.3.11f1 (99c7afb366b3)
[Subsystems] Discovering subsystems at path C:/Program Files/Unity/Hub/Editor/2020.3.11f1/Editor/Data/Resources/UnitySubsystems
[Subsystems] Discovering subsystems at path C:/popcat/Popcat/Popcat/Assets
GfxDevice: creating device client; threaded=0
Direct3D:
    Version:  Direct3D 11.0 [level 11.1]
    Renderer: NVIDIA GeForce RTX 2070 SUPER (ID=0x1e84)
    Vendor:   
    VRAM:     8011 MB
    Driver:   30.0.14.7141
Initialize mono
Mono path[0] = 'C:/Program Files/Unity/Hub/Editor/2020.3.11f1/Editor/Data/Managed'
Mono path[1] = 'C:/Program Files/Unity/Hub/Editor/2020.3.11f1/Editor/Data/MonoBleedingEdge/lib/mono/unityjit'
Mono config path = 'C:/Program Files/Unity/Hub/Editor/2020.3.11f1/Editor/Data/MonoBleedingEdge/etc'
Using monoOptions --debugger-agent=transport=dt_socket,embedding=1,server=y,suspend=n,address=127.0.0.1:56344
Begin MonoManager ReloadAssembly
Registering precompiled unity dll's ...
Register platform support module: C:/Program Files/Unity/Hub/Editor/2020.3.11f1/Editor/Data/PlaybackEngines/WebGLSupport/UnityEditor.WebGL.Extensions.dll
Register platform support module: C:/Program Files/Unity/Hub/Editor/2020.3.11f1/Editor/Data/PlaybackEngines/WindowsStandaloneSupport/UnityEditor.WindowsStandalone.Extensions.dll
Registered in 0.002181 seconds.
Native extension for WindowsStandalone target not found
Native extension for WebGL target not found
Refreshing native plugins compatible for Editor in 35.09 ms, found 3 plugins.
Preloading 0 native plugins for Editor in 0.00 ms.
Mono: successfully reloaded assembly
- Completed reload, in  1.373 seconds
Platform modules already initialized, skipping
Registering precompiled user dll's ...
Registered in 0.003927 seconds.
Begin MonoManager ReloadAssembly
Native extension for WindowsStandalone target not found
Native extension for WebGL target not found
Refreshing native plugins compatible for Editor in 34.71 ms, found 3 plugins.
Preloading 0 native plugins for Editor in 0.00 ms.
Mono: successfully reloaded assembly
- Completed reload, in  0.880 seconds
Platform modules already initialized, skipping
========================================================================
Worker process is ready to serve import requests
Launched and connected shader compiler UnityShaderCompiler.exe after 0.04 seconds
Refreshing native plugins compatible for Editor in 0.50 ms, found 3 plugins.
Preloading 0 native plugins for Editor in 0.00 ms.
Unloading 2100 Unused Serialized files (Serialized files now loaded: 0)
System memory in use before: 95.6 MB.
System memory in use after: 95.5 MB.

Unloading 33 unused Assets to reduce memory usage. Loaded Objects now: 2537.
Total: 2.044600 ms (FindLiveObjects: 0.220700 ms CreateObjectMapping: 0.047000 ms MarkObjects: 1.638900 ms  DeleteObjects: 0.137000 ms)

========================================================================
Received Import Request.
  path: Assets/素材/Popcat Pop.mp3
  artifactKey: Guid(8f3f40626a88f5b428f1889473de64de) Importer(815301076,1909f56bfc062723c751e8b465ee728b)
Start importing Assets/素材/Popcat Pop.mp3 using Guid(8f3f40626a88f5b428f1889473de64de) Importer(815301076,1909f56bfc062723c751e8b465ee728b)  -> (artifact id: '168b195288735cb6c067845352e47bfc') in 0.071550 seconds
  Import took 0.074576 seconds .

========================================================================
Received Import Request.
  Time since last request: 0.000221 seconds.
  path: Assets/素材/images.jpeg
  artifactKey: Guid(c33a0798ad6f74d43aec0cad2f5280e0) Importer(815301076,1909f56bfc062723c751e8b465ee728b)
Start importing Assets/素材/images.jpeg using Guid(c33a0798ad6f74d43aec0cad2f5280e0) Importer(815301076,1909f56bfc062723c751e8b465ee728b)  -> (artifact id: '32b0fb0ff7dacdf303f3bdad98c16dcd') in 0.034584 seconds
  Import took 0.037157 seconds .

========================================================================
Received Import Request.
  Time since last request: 0.000270 seconds.
  path: Assets/素材/下載.jpeg
  artifactKey: Guid(10f6cf3c7af081b4c9a3c3cf6e183044) Importer(815301076,1909f56bfc062723c751e8b465ee728b)
Start importing Assets/素材/下載.jpeg using Guid(10f6cf3c7af081b4c9a3c3cf6e183044) Importer(815301076,1909f56bfc062723c751e8b465ee728b)  -> (artifact id: '90f11295d828654d78b4d9bdbf8aa7a5') in 0.013448 seconds
  Import took 0.016359 seconds .

========================================================================
Received Import Request.
  Time since last request: 0.000222 seconds.
  path: Assets/素材/抖音又一首摇头洗脑神曲【Piu Piu Piu】- 拼音师 Pew Pew Pew （推荐1.25倍数播放）.mp3
  artifactKey: Guid(9f4d04d9c9563224a8ace587d646102a) Importer(815301076,1909f56bfc062723c751e8b465ee728b)
Start importing Assets/素材/抖音又一首摇头洗脑神曲【Piu Piu Piu】- 拼音师 Pew Pew Pew （推荐1.25倍数播放）.mp3 using Guid(9f4d04d9c9563224a8ace587d646102a) Importer(815301076,1909f56bfc062723c751e8b465ee728b)  -> (artifact id: '8946af2f9b86416dbc29173bcc3c74e9') in 0.006733 seconds
  Import took 0.009313 seconds .

========================================================================
Received Import Request.
  Time since last request: 0.000203 seconds.
  path: Assets/素材/popcatClose.png
  artifactKey: Guid(839b7a5a537d45c4c98adb7e29e407a9) Importer(815301076,1909f56bfc062723c751e8b465ee728b)
Start importing Assets/素材/popcatClose.png using Guid(839b7a5a537d45c4c98adb7e29e407a9) Importer(815301076,1909f56bfc062723c751e8b465ee728b)  -> (artifact id: 'f43a3683aeab1c43cb12c9f6fc7162ea') in 0.012468 seconds
  Import took 0.015037 seconds .

========================================================================
Received Import Request.
  Time since last request: 0.000221 seconds.
  path: Assets/素材/popcatOpen.png
  artifactKey: Guid(0080df27796117945914cf3cdb301493) Importer(815301076,1909f56bfc062723c751e8b465ee728b)
Start importing Assets/素材/popcatOpen.png using Guid(0080df27796117945914cf3cdb301493) Importer(815301076,1909f56bfc062723c751e8b465ee728b)  -> (artifact id: 'be044b1c557fbd50c5e013f654e77839') in 0.011418 seconds
  Import took 0.014256 seconds .

========================================================================
Received Prepare
Refreshing native plugins compatible for Editor in 4.07 ms, found 3 plugins.
Preloading 0 native plugins for Editor in 0.00 ms.
Unloading 19 Unused Serialized files (Serialized files now loaded: 0)
System memory in use before: 56.5 MB.
System memory in use after: 56.5 MB.

Unloading 19 unused Assets to reduce memory usage. Loaded Objects now: 2552.
Total: 2.671700 ms (FindLiveObjects: 0.214100 ms CreateObjectMapping: 0.044800 ms MarkObjects: 2.287200 ms  DeleteObjects: 0.124500 ms)

